2016-03-03 15:23:24.243 [TRACE] MultiThreading.ExtractorThreadManager [main] - Creating Ext Thread 1
2016-03-03 15:23:24.245 [TRACE] MultiThreading.ExtractorThreadManager [main] - Starting Ext Thread 1
2016-03-03 15:23:24.245 [TRACE] MultiThreading.ExtractorThreadManager [main] - Creating Ext Thread 2
2016-03-03 15:23:24.245 [TRACE] MultiThreading.ExtractorThreadManager [main] - Starting Ext Thread 2
2016-03-03 15:23:24.245 [TRACE] MultiThreading.ExtractorThreadManager [Ext Thread 1] - Running Ext Thread 1
2016-03-03 15:23:24.246 [TRACE] MultiThreading.ExtractorThreadManager [main] - Creating Ext Thread 3
2016-03-03 15:23:24.246 [TRACE] MultiThreading.ExtractorThreadManager [main] - Starting Ext Thread 3
2016-03-03 15:23:24.246 [TRACE] MultiThreading.ExtractorThreadManager [main] - Creating Ext Thread 4
2016-03-03 15:23:24.246 [TRACE] MultiThreading.ExtractorThreadManager [main] - Starting Ext Thread 4
2016-03-03 15:23:24.246 [TRACE] MultiThreading.ExtractorThreadManager [main] - Creating Ext Thread 5
2016-03-03 15:23:24.247 [TRACE] MultiThreading.ExtractorThreadManager [main] - Starting Ext Thread 5
2016-03-03 15:23:24.247 [TRACE] MultiThreading.ExtractorThreadManager [main] - Creating Ext Thread 6
2016-03-03 15:23:24.247 [TRACE] MultiThreading.ExtractorThreadManager [main] - Starting Ext Thread 6
2016-03-03 15:23:24.247 [TRACE] MultiThreading.ExtractorThreadManager [main] - Creating Ext Thread 7
2016-03-03 15:23:24.247 [TRACE] MultiThreading.ExtractorThreadManager [main] - Starting Ext Thread 7
2016-03-03 15:23:24.247 [TRACE] MultiThreading.ExtractorThreadManager [main] - Creating Ext Thread 8
2016-03-03 15:23:24.248 [TRACE] MultiThreading.ExtractorThreadManager [main] - Starting Ext Thread 8
2016-03-03 15:23:24.248 [TRACE] MultiThreading.ExtractorThreadManager [main] - Creating Ext Thread 9
2016-03-03 15:23:24.248 [TRACE] MultiThreading.ExtractorThreadManager [main] - Starting Ext Thread 9
2016-03-03 15:23:24.249 [TRACE] MultiThreading.ExtractorThreadManager [main] - Creating Ext Thread 10
2016-03-03 15:23:24.249 [TRACE] MultiThreading.ExtractorThreadManager [main] - Starting Ext Thread 10
2016-03-03 15:23:24.249 [TRACE] MultiThreading.ExtractorThreadManager [Ext Thread 2] - Running Ext Thread 2
2016-03-03 15:23:24.250 [TRACE] MultiThreading.ExtractorThreadManager [Ext Thread 3] - Running Ext Thread 3
2016-03-03 15:23:24.250 [TRACE] MultiThreading.ExtractorThreadManager [Ext Thread 4] - Running Ext Thread 4
2016-03-03 15:23:24.250 [TRACE] MultiThreading.ExtractorThreadManager [Ext Thread 5] - Running Ext Thread 5
2016-03-03 15:23:24.259 [TRACE] MultiThreading.ExtractorThreadManager [Ext Thread 6] - Running Ext Thread 6
2016-03-03 15:23:24.261 [TRACE] MultiThreading.ExtractorThreadManager [Ext Thread 10] - Running Ext Thread 10
2016-03-03 15:23:24.262 [TRACE] MultiThreading.ExtractorThreadManager [Ext Thread 9] - Running Ext Thread 9
2016-03-03 15:23:24.262 [TRACE] MultiThreading.ExtractorThreadManager [Ext Thread 8] - Running Ext Thread 8
2016-03-03 15:23:24.262 [TRACE] MultiThreading.ExtractorThreadManager [Ext Thread 7] - Running Ext Thread 7
2016-03-03 15:23:25.289 [TRACE] extractor.ExtractorManager [main] - to go :5983
2016-03-03 15:23:26.352 [TRACE] extractor.ExtractorManager [main] - to go :5940
2016-03-03 15:23:27.382 [TRACE] extractor.ExtractorManager [main] - to go :5870
2016-03-03 15:23:28.584 [TRACE] extractor.ExtractorManager [main] - to go :5850
2016-03-03 15:23:30.011 [TRACE] extractor.ExtractorManager [main] - to go :5796
2016-03-03 15:23:31.060 [TRACE] extractor.ExtractorManager [main] - to go :5727
2016-03-03 15:23:32.503 [TRACE] extractor.ExtractorManager [main] - to go :5680
2016-03-03 15:23:33.555 [TRACE] extractor.ExtractorManager [main] - to go :5600
2016-03-03 15:23:34.592 [TRACE] extractor.ExtractorManager [main] - to go :5550
2016-03-03 15:23:35.829 [TRACE] extractor.ExtractorManager [main] - to go :5500
2016-03-03 15:23:36.847 [TRACE] extractor.ExtractorManager [main] - to go :5430
2016-03-03 15:23:37.860 [TRACE] extractor.ExtractorManager [main] - to go :5340
2016-03-03 15:23:38.869 [TRACE] extractor.ExtractorManager [main] - to go :5254
2016-03-03 15:23:41.291 [TRACE] extractor.ExtractorManager [main] - to go :5158
2016-03-03 15:23:42.400 [TRACE] extractor.ExtractorManager [main] - to go :5098
2016-03-03 15:23:43.442 [TRACE] extractor.ExtractorManager [main] - to go :5037
2016-03-03 15:23:44.458 [TRACE] extractor.ExtractorManager [main] - to go :4957
2016-03-03 15:23:45.470 [TRACE] extractor.ExtractorManager [main] - to go :4893
2016-03-03 15:23:46.473 [TRACE] extractor.ExtractorManager [main] - to go :4803
2016-03-03 15:23:48.593 [TRACE] extractor.ExtractorManager [main] - to go :4753
2016-03-03 15:23:49.720 [TRACE] extractor.ExtractorManager [main] - to go :4663
2016-03-03 15:23:50.732 [TRACE] extractor.ExtractorManager [main] - to go :4583
2016-03-03 15:23:51.751 [TRACE] extractor.ExtractorManager [main] - to go :4500
2016-03-03 15:23:52.760 [TRACE] extractor.ExtractorManager [main] - to go :4439
2016-03-03 15:23:53.769 [TRACE] extractor.ExtractorManager [main] - to go :4353
2016-03-03 15:23:54.798 [TRACE] extractor.ExtractorManager [main] - to go :4303
2016-03-03 15:23:55.805 [TRACE] extractor.ExtractorManager [main] - to go :4223
2016-03-03 15:23:56.825 [TRACE] extractor.ExtractorManager [main] - to go :4143
2016-03-03 15:23:57.828 [TRACE] extractor.ExtractorManager [main] - to go :4063
2016-03-03 15:23:58.828 [TRACE] extractor.ExtractorManager [main] - to go :3963
2016-03-03 15:23:59.830 [TRACE] extractor.ExtractorManager [main] - to go :3893
2016-03-03 15:24:00.843 [TRACE] extractor.ExtractorManager [main] - to go :3823
2016-03-03 15:24:01.879 [TRACE] extractor.ExtractorManager [main] - to go :3743
2016-03-03 15:24:02.906 [TRACE] extractor.ExtractorManager [main] - to go :3683
2016-03-03 15:24:06.386 [TRACE] extractor.ExtractorManager [main] - to go :3611
2016-03-03 15:24:07.403 [TRACE] extractor.ExtractorManager [main] - to go :3531
2016-03-03 15:24:08.424 [TRACE] extractor.ExtractorManager [main] - to go :3461
2016-03-03 15:24:09.443 [TRACE] extractor.ExtractorManager [main] - to go :3391
2016-03-03 15:24:10.452 [TRACE] extractor.ExtractorManager [main] - to go :3310
2016-03-03 15:24:11.460 [TRACE] extractor.ExtractorManager [main] - to go :3227
2016-03-03 15:24:12.476 [TRACE] extractor.ExtractorManager [main] - to go :3147
2016-03-03 15:24:13.506 [TRACE] extractor.ExtractorManager [main] - to go :3077
2016-03-03 15:24:14.515 [TRACE] extractor.ExtractorManager [main] - to go :2997
2016-03-03 15:24:15.687 [TRACE] extractor.ExtractorManager [main] - to go :2898
2016-03-03 15:24:16.695 [TRACE] extractor.ExtractorManager [main] - to go :2827
2016-03-03 15:24:17.703 [TRACE] extractor.ExtractorManager [main] - to go :2757
2016-03-03 15:24:18.725 [TRACE] extractor.ExtractorManager [main] - to go :2697
2016-03-03 15:24:19.746 [TRACE] extractor.ExtractorManager [main] - to go :2634
2016-03-03 15:24:20.767 [TRACE] extractor.ExtractorManager [main] - to go :2577
2016-03-03 15:24:26.541 [TRACE] extractor.ExtractorManager [main] - to go :2567
2016-03-03 15:24:27.573 [TRACE] extractor.ExtractorManager [main] - to go :2498
2016-03-03 15:24:28.815 [TRACE] extractor.ExtractorManager [main] - to go :2429
2016-03-03 15:24:29.847 [TRACE] extractor.ExtractorManager [main] - to go :2375
2016-03-03 15:24:30.859 [TRACE] extractor.ExtractorManager [main] - to go :2315
2016-03-03 15:24:31.877 [TRACE] extractor.ExtractorManager [main] - to go :2255
2016-03-03 15:24:32.927 [TRACE] extractor.ExtractorManager [main] - to go :2176
2016-03-03 15:24:33.950 [TRACE] extractor.ExtractorManager [main] - to go :2116
2016-03-03 15:24:34.968 [TRACE] extractor.ExtractorManager [main] - to go :2056
2016-03-03 15:24:36.005 [TRACE] extractor.ExtractorManager [main] - to go :2016
2016-03-03 15:24:37.039 [TRACE] extractor.ExtractorManager [main] - to go :1959
2016-03-03 15:24:38.391 [TRACE] extractor.ExtractorManager [main] - to go :1919
2016-03-03 15:24:39.405 [TRACE] extractor.ExtractorManager [main] - to go :1858
2016-03-03 15:24:40.438 [TRACE] extractor.ExtractorManager [main] - to go :1791
2016-03-03 15:24:41.495 [TRACE] extractor.ExtractorManager [main] - to go :1721
2016-03-03 15:24:42.525 [TRACE] extractor.ExtractorManager [main] - to go :1641
2016-03-03 15:24:43.532 [TRACE] extractor.ExtractorManager [main] - to go :1581
2016-03-03 15:24:44.538 [TRACE] extractor.ExtractorManager [main] - to go :1511
2016-03-03 15:24:45.545 [TRACE] extractor.ExtractorManager [main] - to go :1431
2016-03-03 15:24:46.738 [TRACE] extractor.ExtractorManager [main] - to go :1355
2016-03-03 15:24:47.809 [TRACE] extractor.ExtractorManager [main] - to go :1307
2016-03-03 15:24:49.066 [TRACE] extractor.ExtractorManager [main] - to go :1261
2016-03-03 15:24:50.468 [TRACE] extractor.ExtractorManager [main] - to go :1260
2016-03-03 15:24:51.530 [TRACE] extractor.ExtractorManager [main] - to go :1190
2016-03-03 15:24:53.039 [TRACE] extractor.ExtractorManager [main] - to go :1130
2016-03-03 15:24:54.070 [TRACE] extractor.ExtractorManager [main] - to go :1060
2016-03-03 15:25:02.919 [TRACE] extractor.ExtractorManager [main] - to go :1030
2016-03-03 15:25:03.931 [TRACE] extractor.ExtractorManager [main] - to go :960
2016-03-03 15:25:04.953 [TRACE] extractor.ExtractorManager [main] - to go :880
2016-03-03 15:25:06.002 [TRACE] extractor.ExtractorManager [main] - to go :810
2016-03-03 15:25:07.049 [TRACE] extractor.ExtractorManager [main] - to go :741
2016-03-03 15:25:08.104 [TRACE] extractor.ExtractorManager [main] - to go :678
2016-03-03 15:25:09.620 [TRACE] extractor.ExtractorManager [main] - to go :598
2016-03-03 15:25:10.630 [TRACE] extractor.ExtractorManager [main] - to go :518
2016-03-03 15:25:11.654 [TRACE] extractor.ExtractorManager [main] - to go :476
2016-03-03 15:25:12.689 [TRACE] extractor.ExtractorManager [main] - to go :405
2016-03-03 15:25:13.766 [TRACE] extractor.ExtractorManager [main] - to go :346
2016-03-03 15:25:14.913 [TRACE] extractor.ExtractorManager [main] - to go :307
2016-03-03 15:25:16.043 [TRACE] extractor.ExtractorManager [main] - to go :258
2016-03-03 15:25:17.400 [TRACE] extractor.ExtractorManager [main] - to go :218
2016-03-03 15:25:19.677 [TRACE] extractor.ExtractorManager [main] - to go :138
2016-03-03 15:25:20.689 [TRACE] extractor.ExtractorManager [main] - to go :118
2016-03-03 15:25:21.701 [TRACE] extractor.ExtractorManager [main] - to go :57
2016-03-03 15:25:22.708 [TRACE] extractor.ExtractorManager [main] - to go :19
2016-03-03 15:25:23.713 [TRACE] extractor.ExtractorManager [main] - to go :0
2016-03-03 15:25:24.021 [TRACE] MultiThreading.ExtractorThreadManager [Ext Thread 10] - Thread Ext Thread 10 exiting.
2016-03-03 15:25:24.023 [TRACE] MultiThreading.ExtractorThreadManager [Ext Thread 1] - Thread Ext Thread 1 exiting.
2016-03-03 15:25:24.032 [TRACE] MultiThreading.ExtractorThreadManager [Ext Thread 4] - Thread Ext Thread 4 exiting.
2016-03-03 15:25:24.037 [TRACE] MultiThreading.ExtractorThreadManager [Ext Thread 9] - Thread Ext Thread 9 exiting.
2016-03-03 15:25:24.043 [TRACE] MultiThreading.ExtractorThreadManager [Ext Thread 8] - Thread Ext Thread 8 exiting.
2016-03-03 15:25:24.048 [TRACE] MultiThreading.ExtractorThreadManager [Ext Thread 5] - Thread Ext Thread 5 exiting.
2016-03-03 15:25:24.049 [TRACE] MultiThreading.ExtractorThreadManager [Ext Thread 6] - Thread Ext Thread 6 exiting.
2016-03-03 15:25:24.050 [TRACE] MultiThreading.ExtractorThreadManager [Ext Thread 2] - Thread Ext Thread 2 exiting.
2016-03-03 15:25:24.056 [TRACE] MultiThreading.ExtractorThreadManager [Ext Thread 7] - Thread Ext Thread 7 exiting.
2016-03-03 15:25:24.060 [TRACE] MultiThreading.ExtractorThreadManager [Ext Thread 3] - Thread Ext Thread 3 exiting.
